10:06:52.422 [restartedMain] INFO  org.springframework.boot.devtools.env.DevToolsPropertyDefaultsPostProcessor 
10:06:52.424 [restartedMain] INFO  org.springframework.boot.devtools.env.DevToolsPropertyDefaultsPostProcessor 
10:06:53.380 [restartedMain] INFO  org.springframework.data.repository.config.RepositoryConfigurationDelegate 
10:06:53.446 [restartedMain] INFO  org.springframework.data.repository.config.RepositoryConfigurationDelegate 
10:06:54.109 [restartedMain] INFO  org.springframework.boot.web.embedded.tomcat.TomcatWebServer 
10:06:54.121 [restartedMain] INFO  org.apache.coyote.http11.Http11NioProtocol 
10:06:54.123 [restartedMain] INFO  org.apache.catalina.core.StandardService 
10:06:54.124 [restartedMain] INFO  org.apache.catalina.core.StandardEngine 
10:06:54.201 [restartedMain] INFO  org.apache.catalina.core.ContainerBase.[Tomcat].[localhost].[/] 
10:06:54.201 [restartedMain] INFO  org.springframework.boot.web.servlet.context.ServletWebServerApplicationContext 
10:06:54.388 [restartedMain] INFO  org.hibernate.jpa.internal.util.LogHelper 
10:06:54.456 [restartedMain] INFO  org.hibernate.Version 
10:06:54.500 [restartedMain] INFO  org.hibernate.cache.internal.RegionFactoryInitiator 
10:06:54.813 [restartedMain] INFO  org.springframework.orm.jpa.persistenceunit.SpringPersistenceUnitInfo 
10:06:54.852 [restartedMain] INFO  com.zaxxer.hikari.HikariDataSource 
10:06:55.225 [restartedMain] INFO  com.zaxxer.hikari.pool.HikariPool 
10:06:55.227 [restartedMain] INFO  com.zaxxer.hikari.HikariDataSource 
10:06:55.285 [restartedMain] WARN  org.hibernate.orm.deprecation 
10:06:55.286 [restartedMain] WARN  org.hibernate.orm.deprecation 
10:06:56.172 [restartedMain] INFO  org.hibernate.metamodel.internal.EntityInstantiatorPojoStandard 
10:06:56.347 [restartedMain] INFO  org.hibernate.engine.transaction.jta.platform.internal.JtaPlatformInitiator 
10:06:56.409 [restartedMain] INFO  org.springframework.orm.jpa.LocalContainerEntityManagerFactoryBean 
10:06:56.786 [restartedMain] WARN  org.springframework.boot.autoconfigure.orm.jpa.JpaBaseConfiguration$JpaWebConfiguration 
10:06:57.209 [restartedMain] INFO  org.springframework.boot.devtools.autoconfigure.OptionalLiveReloadServer 
10:06:57.238 [restartedMain] INFO  org.apache.coyote.http11.Http11NioProtocol 
10:06:57.260 [restartedMain] INFO  org.springframework.boot.web.embedded.tomcat.TomcatWebServer 
